1552576165838	mozrunner::runner	INFO	Running command: "C:\\Program Files\\Mozilla Firefox\\firefox.exe" "-marionette" "-foreground" "-no-remote" "-profile" "C:\\Users\\tjuar\\AppData\\Local\\Temp\\rust_mozprofile.VDqckBsdQj3H"
1552576166131	addons.webextension.screenshots@mozilla.org	WARN	Loading extension 'screenshots@mozilla.org': Reading manifest: Invalid host permission: resource://pdf.js/
1552576166131	addons.webextension.screenshots@mozilla.org	WARN	Loading extension 'screenshots@mozilla.org': Reading manifest: Invalid host permission: about:reader*
1552576167131	Marionette	INFO	Listening on port 57732
1552576167499	Marionette	WARN	TLS certificate errors will be ignored for this session
[Parent 11964, Gecko_IOThread] WARNING: file z:/build/build/src/ipc/chromium/src/chrome/common/ipc_channel_win.cc, line 298
[Parent 11964, Gecko_IOThread] WARNING: file z:/build/build/src/ipc/chromium/src/chrome/common/ipc_channel_win.cc, line 298
JavaScript error: chrome://marionette/content/driver.js, line 1305: TypeError: WeakMap key must be an object, got undefined
1552576196969	Marionette	ERROR	[35] No reply from Marionette:Register
JavaScript error: chrome://marionette/content/listener.js, line 459: TypeError: reply[0] is undefined
JavaScript error: chrome://global/content/bindings/browser.xml, line 1061: uncaught exception: 2147500033
console.error: "Task cancelled"
console.warn: "Got a mutation for an unexpected actor: server1.conn0.child1/domnode29, please file a bug on bugzilla.mozilla.org!"
console.trace: 
resource://devtools/shared/fronts/inspector.js 307 WalkerFront<.getMutations</<
console.warn: "Got a mutation for an unexpected actor: server1.conn0.child1/domnode29, please file a bug on bugzilla.mozilla.org!"
console.trace: 
resource://devtools/shared/fronts/inspector.js 307 WalkerFront<.getMutations</<
console.warn: "Got a mutation for an unexpected actor: server1.conn0.child1/domnode29, please file a bug on bugzilla.mozilla.org!"
console.trace: 
resource://devtools/shared/fronts/inspector.js 307 WalkerFront<.getMutations</<
console.warn: "Got a mutation for an unexpected actor: server1.conn0.child1/domnode29, please file a bug on bugzilla.mozilla.org!"
console.trace: 
resource://devtools/shared/fronts/inspector.js 307 WalkerFront<.getMutations</<
console.warn: "Got a mutation for an unexpected actor: server1.conn0.child1/domnode29, please file a bug on bugzilla.mozilla.org!"
console.trace: 
resource://devtools/shared/fronts/inspector.js 307 WalkerFront<.getMutations</<
console.warn: "Got a mutation for an unexpected actor: server1.conn0.child1/domnode29, please file a bug on bugzilla.mozilla.org!"
console.trace: 
resource://devtools/shared/fronts/inspector.js 307 WalkerFront<.getMutations</<
console.warn: "Got a mutation for an unexpected actor: server1.conn0.child1/domnode29, please file a bug on bugzilla.mozilla.org!"
console.trace: 
resource://devtools/shared/fronts/inspector.js 307 WalkerFront<.getMutations</<
console.warn: "Got a mutation for an unexpected actor: server1.conn0.child1/domnode29, please file a bug on bugzilla.mozilla.org!"
console.trace: 
resource://devtools/shared/fronts/inspector.js 307 WalkerFront<.getMutations</<
console.warn: "Got a mutation for an unexpected actor: server1.conn0.child1/domnode29, please file a bug on bugzilla.mozilla.org!"
console.trace: 
resource://devtools/shared/fronts/inspector.js 307 WalkerFront<.getMutations</<
console.warn: "Got a mutation for an unexpected actor: server1.conn0.child1/domnode29, please file a bug on bugzilla.mozilla.org!"
console.trace: 
resource://devtools/shared/fronts/inspector.js 307 WalkerFront<.getMutations</<
[Parent 11964, Gecko_IOThread] WARNING: file z:/build/build/src/ipc/chromium/src/chrome/common/ipc_channel_win.cc, line 298
[Parent 11964, Gecko_IOThread] WARNING: file z:/build/build/src/ipc/chromium/src/chrome/common/ipc_channel_win.cc, line 298
[Parent 11964, Gecko_IOThread] WARNING: pipe error: 109: file z:/build/build/src/ipc/chromium/src/chrome/common/ipc_channel_win.cc, line 332
[Child 9640, Chrome_ChildThread] WARNING: pipe error: 109: file z:/build/build/src/ipc/chromium/src/chrome/common/ipc_channel_win.cc, line 332
[Child 9640, Chrome_ChildThread] WARNING: pipe error: 109: file z:/build/build/src/ipc/chromium/src/chrome/common/ipc_channel_win.cc, line 332
[Parent 11964, Gecko_IOThread] WARNING: pipe error: 109: file z:/build/build/src/ipc/chromium/src/chrome/common/ipc_channel_win.cc, line 332
1552576507061	Marionette	INFO	Stopped listening on port 57732

###!!! [Child][RunMessage] Error: Channel closing: too late to send/r[Parent 13268, Gecko_IOThread] WARNING: file z:/build/build/src/ipc/chromium/src/chrome/common/ipc_channel_win.cc, line 298
[Parent 13268, Gecko_IOThread] WARNING: file z:/build/build/src/ipc/chromium/src/chrome/common/ipc_channel_win.cc, line 298
JavaScript error: chrome://marionette/content/driver.js, line 1305: TypeError: WeakMap key must be an object, got undefined
1552576515360	Marionette	ERROR	[35] No reply from Marionette:Register
JavaScript error: chrome://marionette/content/listener.js, line 459: TypeError: reply[0] is undefined
JavaScript error: chrome://global/content/bindings/browser.xml, line 1061: uncaught exception: 2147500033
[Parent 13268, Gecko_IOThread] WARNING: pipe error: 109: file z:/build/build/src/ipc/chromium/src/chrome/common/ipc_channel_win.cc, line 332
[Parent 13268, Gecko_IOThread] WARNING: file z:/build/build/src/ipc/chromium/src/chrome/common/ipc_channel_win.cc, line 298
[Parent 13268, Gecko_IOThread] WARNING: file z:/build/build/src/ipc/chromium/src/chrome/common/ipc_channel_win.cc, line 298
[Parent 13268, Gecko_IOThread] WARNING: pipe error: 109: file z:/build/build/src/ipc/chromium/src/chrome/common/ipc_channel_win.cc, line 332
console.error: BroadcastService: 
  receivedBroadcastMessage: handler for
  remote-settings/monitor_changes
  threw error:
  Message: Error: Polling for changes failed: NetworkError when attempting to fetch resource..
  Stack:
    remoteSettingsFunction/remoteSettings.pollChanges@resource://services-settings/remote-settings.js:188:13

[Parent 13268, Gecko_IOThread] WARNING: pipe error: 109: file z:/build/build/src/ipc/chromium/src/chrome/common/ipc_channel_win.cc, line 332
[Parent 13268, Gecko_IOThread] WARNING: file z:/build/build/src/ipc/chromium/src/chrome/common/ipc_channel_win.cc, line 298
[Parent 13268, Gecko_IOThread] WARNING: file z:/build/build/src/ipc/chromium/src/chrome/common/ipc_channel_win.cc, line 298
[Parent 13268, Gecko_IOThread] WARNING: pipe error: 109: file z:/build/build/src/ipc/chromium/src/chrome/common/ipc_channel_win.cc, line 332
[Parent 13268, Gecko_IOThread] WARNING: file z:/build/build/src/ipc/chromium/src/chrome/common/ipc_channel_win.cc, line 298
[Parent 13268, Gecko_IOThread] WARNING: file z:/build/build/src/ipc/chromium/src/chrome/common/ipc_channel_win.cc, line 298
WARNING: content window passed to PrivateBrowsingUtils.isWindowPrivate. Use isContentWindowPrivate instead (but only for frame scripts).
pbu_isWindowPrivate@resource://gre/modules/PrivateBrowsingUtils.jsm:61:14
contentAreaClick@resource:///modules/ContentClick.jsm:59:12
receiveMessage@resource:///modules/ContentClick.jsm:22:9
receiveMessage@jar:file:///C:/Program%20Files/Mozilla%20Firefox/browser/omni.ja!/components/nsBrowserGlue.js:558:30
[Parent 13268, Gecko_IOThread] WARNING: pipe error: 109: file z:/build/build/src/ipc/chromium/src/chrome/common/ipc_channel_win.cc, line 332
JavaScript error: resource://devtools/client/shared/telemetry.js, line 652: TypeError: event is undefined
[Parent 13268, Gecko_IOThread] WARNING: pipe error: 109: file z:/build/build/src/ipc/chromium/src/chrome/common/ipc_channel_win.cc, line 332
[Child 5024, Chrome_ChildThread] WARNING: pipe error: 109: file z:/build/build/src/ipc/chromium/src/chrome/common/ipc_channel_win.cc, line 332
[Child 5024, Chrome_ChildThread] WARNING: [Parent 13268, Gecko_IOThread] WARNING: pipe error: 109: file z:/build/build/src/ipc/chromium/src/chrome/common/ipc_channel_win.cc, line 332
[Child 12784, Chrome_ChildThread] WARNING: pipe error: 109: file z:/build/build/src/ipc/chromium/src/chrome/common/ipc_channel_wiJavaScript error: chrome://marionette/content/driver.js, line 1305: TypeError: WeakMap key must be an object, got undefined
1552577473931	Marionette	ERROR	[35] No reply from Marionette:Register
JavaScript error: chrome://marionette/content/listener.js, line 459: TypeError: reply[0] is undefined
JavaScript error: chrome://global/content/bindings/browser.xml, line 1061: uncaught exception: 2147500033
[Parent 9348, Gecko_IOThread] WARNING: file z:/build/build/src/ipc/chromium/src/chrome/common/ipc_channel_win.cc, line 298
[Parent 9348, Gecko_IOThread] WARNING: file z:/build/build/src/ipc/chromium/src/chrome/common/ipc_channel_win.cc, line 298
[Parent 9348, Gecko_IOThread] WARNING: file z:/build/build/src/ipc/chromium/src/chrome/common/ipc_channel_win.cc, line 298
[Parent 9348, Gecko_IOThread] WARNING: file z:/build/build/src/ipc/chromium/src/chrome/common/ipc_channel_win.cc, line 298
1552577517067	Marionette	ERROR	[2147483655] No reply from Marionette:Register
JavaScript error: chrome://marionette/content/listener.js, line 459: TypeError: reply[0] is undefined
1552577517081	Marionette	ERROR	[2147483657] No reply from Marionette:Register
JavaScript error: chrome://marionette/content/listener.js, line 459: TypeError: reply[0] is undefined
Handler function _httpResponseExaminer threw an exception: [Exception... "Component returned failure code: 0x80040111 (NS_ERROR_NOT_AVAILABLE) [nsIHttpChannel.visitOriginalResponseHeaders]"  nsresult: "0x80040111 (NS_ERROR_NOT_AVAILABLE)"  location: "JS frame :: resource://devtools/server/actors/network-monitor/network-observer.js :: _httpResponseExaminer :: line 282"  data: no]
Stack: _httpResponseExaminer@resource://devtools/server/actors/network-monitor/network-observer.js:282:5
exports.makeInfallible/<@resource://devtools/shared/ThreadSafeDevToolsUtils.js:109:14
_serviceWorkerRequest@resource://devtools/server/actors/network-monitor/network-observer.js:242:5
Line: 282, column: 0
console.error: "Handler function _httpResponseExaminer threw an exception: [Exception... \"Component returned failure code: 0x80040111 (NS_ERROR_NOT_AVAILABLE) [nsIHttpChannel.visitOriginalResponseHeaders]\"  nsresult: \"0x80040111 (NS_ERROR_NOT_AVAILABLE)\"  location: \"JS frame :: resource://devtools/server/actors/network-monitor/network-observer.js :: _httpResponseExaminer :: line 282\"  data: no]\nStack: _httpResponseExaminer@resource://devtools/server/actors/network-monitor/network-observer.js:282:5\nexports.makeInfallible/<@resource://devtools/shared/ThreadSafeDevToolsUtils.js:109:14\n_serviceWorkerRequest@resource://devtools/server/actors/network-monitor/network-observer.js:242:5\nLine: 282, column: 0"
[Parent 9348, Gecko_IOThread] WARNING: file z:/build/build/src/ipc/chromium/src/chrome/common/ipc_channel_win.cc, line 298
[Parent 9348, Gecko_IOThread] WARNING: file z:/build/build/src/ipc/chromium/src/chrome/common/ipc_channel_win.cc, line 298
JavaScript error: chrome://marionette/content/driver.js, line 1305: TypeError: WeakMap key must be an object, got undefined
1552577552099	Marionette	ERROR	[40] No reply from Marionette:Register
JavaScript error: chrome://marionette/content/listener.js, line 459: TypeError: reply[0] is undefined
JavaScript error: chrome://global/content/bindings/browser.xml, line 1061: uncaught exception: 2147500033
1552577554723	Marionette	ERROR	[2147483662] No reply from Marionette:Register
JavaScript error: chrome://marionette/content/listener.js, line 459: TypeError: reply[0] is undefined
1552577554732	Marionette	ERROR	[2147483664] No reply from Marionette:Register
JavaScript error: chrome://marionette/content/listener.js, line 459: TypeError: reply[0] is undefined
[Parent 9348, Gecko_IOThread] WARNING: pipe error: 109: file z:/build/build/src/ipc/chromium/src/chrome/common/ipc_channel_win.cc, line 332
IPDL protocol error: Handler returned error code!

###!!! [Parent][DispatchAsyncMessage] Error: PLayerTransaction::Msg_ReleaseLayer Processing error: message was deserialized, but the handler returned false (indicating failure)

IPDL protocol error: Handler returned error code!

###!!! [Parent][DispatchAsyncMessage] Error: PLayerTransaction::Msg_ReleaseLayer Processing error: message was deserialized, but the handler returned false (indicating failure)

IPDL protocol error: Handler returned error code!

###!!! [Parent][DispatchAsyncMessage] Error: P[Parent 12040, Gecko_IOThread] WARNING: file z:/build/build/src/ipc/chromium/src/chrome/common/ipc_channel_win.cc, line 298
[Parent 12040, Gecko_IOThread] WARNING: file z:/build/build/src/ipc/chromium/src/chrome/common/ipc_channel_win.cc, line 298
console.error: BroadcastService: 
  receivedBroadcastMessage: handler for
  remote-settings/monitor_changes
  threw error:
  Message: Error: Polling for changes failed: NetworkError when attempting to fetch resource..
  Stack:
    remoteSettingsFunction/remoteSettings.pollChanges@resource://services-settings/remote-settings.js:188:13

)

[C1552577591163	Marionette	INFO	Stopped listening on port 58145

###!!! [Child][RunMessage] Error: Channel closing: too late to send/recv, messages will be lost

[GPU 2204, Chrom
###!!! [Child][MessageChannel::SendAndWait] Error: Channel error: cannot send/recv

